<?xml version="1.0" encoding="UTF-8"?>
<!-- Generated by org.testng.reporters.JUnitXMLReporter -->
<testsuite hostname="DESKTOP-MV38J76" ignored="1" name="Default test" tests="1" failures="0" timestamp="2020-04-21T21:42:22 BDT" time="9.214" errors="0">
  <testcase name="loginPositiveTest" time="5.56" classname="com.RunLogin.RunLogin"/>
  <testcase name="getEmail_Password" time="0.0" classname="com.RunLogin.RunLogin">
    <ignored/>
  </testcase> <!-- getEmail_Password -->
</testsuite> <!-- Default test -->
