<?xml version="1.0" encoding="UTF-8"?>
<testng-results skipped="0" failed="0" ignored="2" total="3" passed="1">
  <reporter-output>
  </reporter-output>
  <suite name="Default suite" duration-ms="15744" started-at="2020-03-22T19:57:14 BDT" finished-at="2020-03-22T19:57:30 BDT">
    <groups>
    </groups>
    <test name="Default test" duration-ms="15744" started-at="2020-03-22T19:57:14 BDT" finished-at="2020-03-22T19:57:30 BDT">
      <class name="registrationAndLoginTest.LogInPageRunClass">
        <test-method status="PASS" signature="beforeTest()[pri:0, instance:registrationAndLoginTest.LogInPageRunClass@231f98ef]" name="beforeTest" is-config="true" duration-ms="6022" started-at="2020-03-22T19:57:14 BDT" finished-at="2020-03-22T19:57:20 BDT">
          <reporter-output>
          </reporter-output>
        </test-method> <!-- beforeTest -->
        <test-method status="PASS" signature="loginSuccess_Positive_Test()[pri:0, instance:registrationAndLoginTest.LogInPageRunClass@231f98ef]" name="loginSuccess_Positive_Test" duration-ms="9651" started-at="2020-03-22T19:57:20 BDT" finished-at="2020-03-22T19:57:30 BDT">
          <reporter-output>
          </reporter-output>
        </test-method> <!-- loginSuccess_Positive_Test -->
      </class> <!-- registrationAndLoginTest.LogInPageRunClass -->
    </test> <!-- Default test -->
  </suite> <!-- Default suite -->
</testng-results>
