<?xml version="1.0" encoding="UTF-8"?>
<testng-results skipped="0" failed="0" ignored="0" total="1" passed="1">
  <reporter-output>
  </reporter-output>
  <suite name="Default suite" duration-ms="27882" started-at="2020-04-18T23:04:20 BDT" finished-at="2020-04-18T23:04:48 BDT">
    <groups>
    </groups>
    <test name="Default test" duration-ms="27882" started-at="2020-04-18T23:04:20 BDT" finished-at="2020-04-18T23:04:48 BDT">
      <class name="run">
        <test-method status="PASS" signature="openbroweser()[pri:0, instance:run@235ecd9f]" name="openbroweser" is-config="true" duration-ms="3764" started-at="2020-04-18T23:04:20 BDT" finished-at="2020-04-18T23:04:24 BDT">
          <reporter-output>
          </reporter-output>
        </test-method> <!-- openbroweser -->
        <test-method status="PASS" signature="ruun()[pri:0, instance:run@235ecd9f]" name="ruun" duration-ms="23927" started-at="2020-04-18T23:04:24 BDT" finished-at="2020-04-18T23:04:48 BDT">
          <reporter-output>
          </reporter-output>
        </test-method> <!-- ruun -->
      </class> <!-- run -->
    </test> <!-- Default test -->
  </suite> <!-- Default suite -->
</testng-results>
