<?xml version="1.0" encoding="UTF-8"?>
<!-- Generated by org.testng.reporters.JUnitXMLReporter -->
<testsuite hostname="DESKTOP-MV38J76" ignored="2" name="Default test" tests="1" failures="0" timestamp="2020-03-22T19:57:30 BDT" time="15.744" errors="0">
  <testcase name="loginSuccess_Positive_Test" time="9.651" classname="registrationAndLoginTest.LogInPageRunClass"/>
  <testcase name="Invalid_Password_login_Negative_Test" time="0.0" classname="registrationAndLoginTest.LogInPageRunClass">
    <ignored/>
  </testcase> <!-- Invalid_Password_login_Negative_Test -->
  <testcase name="Invalid_Email_login_Negative_Test" time="0.0" classname="registrationAndLoginTest.LogInPageRunClass">
    <ignored/>
  </testcase> <!-- Invalid_Email_login_Negative_Test -->
</testsuite> <!-- Default test -->
