<?xml version="1.0" encoding="UTF-8"?>
<testng-results skipped="0" failed="0" ignored="0" total="2" passed="2">
  <reporter-output>
  </reporter-output>
  <suite name="Default suite" duration-ms="26466" started-at="2019-11-14T23:44:24 BDT" finished-at="2019-11-14T23:44:51 BDT">
    <groups>
    </groups>
    <test name="Default test" duration-ms="26466" started-at="2019-11-14T23:44:24 BDT" finished-at="2019-11-14T23:44:51 BDT">
      <class name="CountOfProductRunclass.CountOfProductRunclass">
        <test-method status="PASS" signature="beforeTest()[pri:0, instance:CountOfProductRunclass.CountOfProductRunclass@8458f04]" name="beforeTest" is-config="true" duration-ms="7496" started-at="2019-11-14T23:44:24 BDT" finished-at="2019-11-14T23:44:32 BDT">
          <reporter-output>
          </reporter-output>
        </test-method> <!-- beforeTest -->
        <test-method status="PASS" signature="Add_To_Cart()[pri:0, instance:CountOfProductRunclass.CountOfProductRunclass@8458f04]" name="Add_To_Cart" duration-ms="11289" started-at="2019-11-14T23:44:32 BDT" finished-at="2019-11-14T23:44:43 BDT">
          <reporter-output>
          </reporter-output>
        </test-method> <!-- Add_To_Cart -->
        <test-method status="PASS" signature="Change_the_count_of_product_and_verify()[pri:0, instance:CountOfProductRunclass.CountOfProductRunclass@8458f04]" name="Change_the_count_of_product_and_verify" duration-ms="7595" started-at="2019-11-14T23:44:43 BDT" finished-at="2019-11-14T23:44:51 BDT">
          <reporter-output>
          </reporter-output>
        </test-method> <!-- Change_the_count_of_product_and_verify -->
      </class> <!-- CountOfProductRunclass.CountOfProductRunclass -->
    </test> <!-- Default test -->
  </suite> <!-- Default suite -->
</testng-results>
